npm WARN npm npm does not support Node.js v10.15.2
npm WARN npm You should probably upgrade to a newer version of node as we
npm WARN npm can't make any promises that npm will work with this version.
npm WARN npm Supported releases of Node.js are the latest release of 4, 6, 7, 8, 9.
npm WARN npm You can find the latest version at https://nodejs.org/

> 2020-website@1.0.0 dev /var/www/html/Personal-Website
> concurrently "cd backend && npm run dev" "cd frontend && npm start" 

[0] npm WARN npm npm does not support Node.js v10.15.2
[0] npm WARN npm You should probably upgrade to a newer version of node as we
[0] npm WARN npm can't make any promises that npm will work with this version.
[0] npm WARN npm Supported releases of Node.js are the latest release of 4, 6, 7, 8, 9.
[0] npm WARN npm You can find the latest version at https://nodejs.org/
[1] npm WARN npm npm does not support Node.js v10.15.2
[1] npm WARN npm You should probably upgrade to a newer version of node as we
[1] npm WARN npm can't make any promises that npm will work with this version.
[1] npm WARN npm Supported releases of Node.js are the latest release of 4, 6, 7, 8, 9.
[1] npm WARN npm You can find the latest version at https://nodejs.org/
[1] 
[1] > client@0.1.0 start /var/www/html/Personal-Website/frontend
[1] > react-scripts start
[1] 
[0] 
[0] > notes-application@1.0.0 dev /var/www/html/Personal-Website/backend
[0] > nodemon index.js
[0] 
[0] [33m[nodemon] 2.0.2[39m
[0] [33m[nodemon] to restart at any time, enter `rs`[39m
[0] [33m[nodemon] watching dir(s): *.*[39m
[0] [33m[nodemon] watching extensions: js,mjs,json[39m
[0] [32m[nodemon] starting `node index.js`[39m
[0] 8080
[0] '192.168.1.7'
[0] Connected MongoDB: mongodb+srv://noteapp:Mb12272001@cluster0-xmjwc.mongodb.net/test?retryWrites=true&w=majority
[0] Database: Personal-Website
[1] [34mℹ[39m [90m｢wds｣[39m: Project is running at http://192.168.1.7/
[1] [34mℹ[39m [90m｢wds｣[39m: webpack output is served from 
[1] [34mℹ[39m [90m｢wds｣[39m: Content not from webpack is served from /var/www/html/Personal-Website/frontend/public
[1] [34mℹ[39m [90m｢wds｣[39m: 404s will fallback to /
[1] Starting the development server...
[1] 
[0] cd backend && npm run dev exited with code SIGINT
[1] cd frontend && npm start exited with code SIGINT
